src/components/metrics/ExcelDropzone.tsx(269,17): error TS7006: Parameter 'err' implicitly has an 'any' type.
src/components/monitor/cockpit/PredictiveHeader.tsx(344,26): error TS7053: Element implicitly has an 'any' type because expression of type 'any' can't be used to index type '{ cr├¡tica: string; alta: string; media: string; baja: string; }'.
src/components/monitor/cockpit/PredictiveView.tsx(328,26): error TS7053: Element implicitly has an 'any' type because expression of type 'any' can't be used to index type '{ cr├¡tica: string; alta: string; media: string; baja: string; }'.
src/components/monitor/cockpit/Premium3DGauge.tsx(187,18): error TS2345: Argument of type 'Arc<any, DefaultArcObject>' is not assignable to parameter of type 'string | number | boolean | readonly (string | number)[] | ValueFn<SVGPathElement, unknown, string | number | boolean | readonly (string | number)[] | null> | null'.
  Type 'Arc<any, DefaultArcObject>' is not assignable to type 'ValueFn<SVGPathElement, unknown, string | number | boolean | readonly (string | number)[] | null>'.
    Types of parameters 'd' and 'datum' are incompatible.
      Type 'unknown' is not assignable to type 'DefaultArcObject'.
src/components/monitor/cockpit/Premium3DGauge.tsx(223,20): error TS2555: Expected at least 1 arguments, but got 0.
src/components/monitor/cockpit/Premium3DGauge.tsx(227,30): error TS2345: Argument of type 'Arc<any, DefaultArcObject>' is not assignable to parameter of type 'string | number | boolean | readonly (string | number)[] | ValueFn<SVGPathElement, unknown, string | number | boolean | readonly (string | number)[] | null> | null'.
  Type 'Arc<any, DefaultArcObject>' is not assignable to type 'ValueFn<SVGPathElement, unknown, string | number | boolean | readonly (string | number)[] | null>'.
    Types of parameters 'd' and 'datum' are incompatible.
      Type 'unknown' is not assignable to type 'DefaultArcObject'.
src/components/monitor/cockpit/Premium3DGauge.tsx(240,20): error TS2345: Argument of type 'Arc<any, DefaultArcObject>' is not assignable to parameter of type 'string | number | boolean | readonly (string | number)[] | ValueFn<SVGPathElement, unknown, string | number | boolean | readonly (string | number)[] | null> | null'.
  Type 'Arc<any, DefaultArcObject>' is not assignable to type 'ValueFn<SVGPathElement, unknown, string | number | boolean | readonly (string | number)[] | null>'.
    Types of parameters 'd' and 'datum' are incompatible.
      Type 'unknown' is not assignable to type 'DefaultArcObject'.
src/components/monitor/cockpit/Premium3DGauge.tsx(296,29): error TS2769: No overload matches this call.
  Overload 1 of 2, '(data: Iterable<[number, number]> | [number, number][]): string | null', gave the following error.
    Argument of type 'number[][]' is not assignable to parameter of type 'Iterable<[number, number]> | [number, number][]'.
      Type 'number[][]' is not assignable to type '[number, number][]'.
        Type 'number[]' is not assignable to type '[number, number]'.
          Target requires 2 element(s) but source may have fewer.
  Overload 2 of 2, '(data: Iterable<[number, number]> | [number, number][]): void', gave the following error.
    Argument of type 'number[][]' is not assignable to parameter of type 'Iterable<[number, number]> | [number, number][]'.
      Type 'number[][]' is not assignable to type '[number, number][]'.
        Type 'number[]' is not assignable to type '[number, number]'.
          Target requires 2 element(s) but source may have fewer.
src/components/monitor/CockpitHeaderBimodal.tsx(332,12): error TS2322: Type '{ isActive: true; campaignName: string; participationRate: number; daysRemaining: number; totalInvited: number; totalResponded: number; dailyResponses?: { date: string; count: number; cumulative: number; }[] | undefined; ... 4 more ...; onNavigate?: ((section: string) => void) | undefined; }' is not assignable to type 'PredictiveHeaderProps'.
  Types of property 'dailyResponses' are incompatible.
    Type '{ date: string; count: number; cumulative: number; }[] | undefined' is not assignable to type '{ date: string; count: number; cumulative: number; }[]'.
      Type 'undefined' is not assignable to type '{ date: string; count: number; cumulative: number; }[]'.
src/components/monitor/CockpitHeaderBimodal.tsx(339,13): error TS2322: Type '{ isActive: boolean; campaignName: string; participationRate: number; daysRemaining: number; totalInvited: number; totalResponded: number; dailyResponses?: { date: string; count: number; cumulative: number; }[] | undefined; ... 4 more ...; onNavigate?: ((section: string) => void) | undefined; }' is not assignable to type 'IntrinsicAttributes & DynamicHeaderProps'.
  Property 'isActive' does not exist on type 'IntrinsicAttributes & DynamicHeaderProps'.
src/components/monitor/gerencia/GerenciaCompetitivoView.tsx(493,47): error TS2339: Property 'projection' does not exist on type 'DepartmentChild'.
src/components/monitor/gerencia/GerenciaCompetitivoView.tsx(494,57): error TS2339: Property 'projection' does not exist on type 'DepartmentChild'.
src/components/monitor/MomentumSparklines.tsx(3,47): error TS2304: Cannot find name 'DepartmentMomentumData'.
src/components/monitor/MomentumSparklines.tsx(29,44): error TS7006: Parameter 'dept' implicitly has an 'any' type.
src/components/monitor/MomentumSparklines.tsx(29,50): error TS7006: Parameter 'i' implicitly has an 'any' type.
src/components/monitor/WOWStandards.tsx(117,71): error TS7053: Element implicitly has an 'any' type because expression of type '"info" | "success" | "warning" | "danger"' can't be used to index type '{ xl: string; lg: string; md: string; success: string; warning: string; danger: string; }'.
  Property 'info' does not exist on type '{ xl: string; lg: string; md: string; success: string; warning: string; danger: string; }'.
src/components/structure/StructureTreeView.tsx(305,97): error TS2339: Property 'backgroundColor' does not exist on type 'string'.
src/components/survey/renderers/MultipleChoiceRenderer.tsx(34,7): error TS2322: Type '{ initial: { opacity: number; y: number; }; animate: { opacity: number; y: number; transition: { duration: number; ease: string; }; }; exit: { opacity: number; y: number; }; }' is not assignable to type 'Variants'.
  Property 'animate' is incompatible with index signature.
    Type '{ opacity: number; y: number; transition: { duration: number; ease: string; }; }' is not assignable to type 'Variant'.
      Type '{ opacity: number; y: number; transition: { duration: number; ease: string; }; }' is not assignable to type 'TargetAndTransition'.
        Type '{ opacity: number; y: number; transition: { duration: number; ease: string; }; }' is not assignable to type '{ transition?: Transition<any> | undefined; transitionEnd?: ResolvedValues | undefined; }'.
          Types of property 'transition' are incompatible.
            Type '{ duration: number; ease: string; }' is not assignable to type 'Transition<any> | undefined'.
              Type '{ duration: number; ease: string; }' is not assignable to type 'TransitionWithValueOverrides<any>'.
                Type '{ duration: number; ease: string; }' is not assignable to type 'ValueAnimationTransition<any>'.
                  Types of property 'ease' are incompatible.
                    Type 'string' is not assignable to type 'Easing | Easing[] | undefined'.
src/components/survey/renderers/RatingMatrixRenderer.tsx(40,7): error TS2322: Type '{ initial: { opacity: number; y: number; }; animate: { opacity: number; y: number; transition: { duration: number; ease: string; }; }; exit: { opacity: number; y: number; }; }' is not assignable to type 'Variants'.
  Property 'animate' is incompatible with index signature.
    Type '{ opacity: number; y: number; transition: { duration: number; ease: string; }; }' is not assignable to type 'Variant'.
      Type '{ opacity: number; y: number; transition: { duration: number; ease: string; }; }' is not assignable to type 'TargetAndTransition'.
        Type '{ opacity: number; y: number; transition: { duration: number; ease: string; }; }' is not assignable to type '{ transition?: Transition<any> | undefined; transitionEnd?: ResolvedValues | undefined; }'.
          Types of property 'transition' are incompatible.
            Type '{ duration: number; ease: string; }' is not assignable to type 'Transition<any> | undefined'.
              Type '{ duration: number; ease: string; }' is not assignable to type 'TransitionWithValueOverrides<any>'.
                Type '{ duration: number; ease: string; }' is not assignable to type 'ValueAnimationTransition<any>'.
                  Types of property 'ease' are incompatible.
                    Type 'string' is not assignable to type 'Easing | Easing[] | undefined'.
src/components/survey/renderers/RatingScaleRenderer.tsx(26,7): error TS2322: Type '{ initial: { scale: number; opacity: number; }; animate: { scale: number; opacity: number; transition: { duration: number; ease: string; }; }; exit: { scale: number; opacity: number; }; }' is not assignable to type 'Variants'.
  Property 'animate' is incompatible with index signature.
    Type '{ scale: number; opacity: number; transition: { duration: number; ease: string; }; }' is not assignable to type 'Variant'.
      Type '{ scale: number; opacity: number; transition: { duration: number; ease: string; }; }' is not assignable to type 'TargetAndTransition'.
        Type '{ scale: number; opacity: number; transition: { duration: number; ease: string; }; }' is not assignable to type '{ transition?: Transition<any> | undefined; transitionEnd?: ResolvedValues | undefined; }'.
          Types of property 'transition' are incompatible.
            Type '{ duration: number; ease: string; }' is not assignable to type 'Transition<any> | undefined'.
              Type '{ duration: number; ease: string; }' is not assignable to type 'TransitionWithValueOverrides<any>'.
                Type '{ duration: number; ease: string; }' is not assignable to type 'ValueAnimationTransition<any>'.
                  Types of property 'ease' are incompatible.
                    Type 'string' is not assignable to type 'Easing | Easing[] | undefined'.
src/components/survey/renderers/SingleChoiceRenderer.tsx(22,7): error TS2322: Type '{ initial: { opacity: number; y: number; }; animate: { opacity: number; y: number; transition: { duration: number; ease: string; }; }; exit: { opacity: number; y: number; }; }' is not assignable to type 'Variants'.
  Property 'animate' is incompatible with index signature.
    Type '{ opacity: number; y: number; transition: { duration: number; ease: string; }; }' is not assignable to type 'Variant'.
      Type '{ opacity: number; y: number; transition: { duration: number; ease: string; }; }' is not assignable to type 'TargetAndTransition'.
        Type '{ opacity: number; y: number; transition: { duration: number; ease: string; }; }' is not assignable to type '{ transition?: Transition<any> | undefined; transitionEnd?: ResolvedValues | undefined; }'.
          Types of property 'transition' are incompatible.
            Type '{ duration: number; ease: string; }' is not assignable to type 'Transition<any> | undefined'.
              Type '{ duration: number; ease: string; }' is not assignable to type 'TransitionWithValueOverrides<any>'.
                Type '{ duration: number; ease: string; }' is not assignable to type 'ValueAnimationTransition<any>'.
                  Types of property 'ease' are incompatible.
                    Type 'string' is not assignable to type 'Easing | Easing[] | undefined'.
src/components/survey/renderers/TextOpenRenderer.tsx(22,7): error TS2322: Type '{ initial: { opacity: number; y: number; }; animate: { opacity: number; y: number; transition: { duration: number; ease: string; }; }; exit: { opacity: number; y: number; }; }' is not assignable to type 'Variants'.
  Property 'animate' is incompatible with index signature.
    Type '{ opacity: number; y: number; transition: { duration: number; ease: string; }; }' is not assignable to type 'Variant'.
      Type '{ opacity: number; y: number; transition: { duration: number; ease: string; }; }' is not assignable to type 'TargetAndTransition'.
        Type '{ opacity: number; y: number; transition: { duration: number; ease: string; }; }' is not assignable to type '{ transition?: Transition<any> | undefined; transitionEnd?: ResolvedValues | undefined; }'.
          Types of property 'transition' are incompatible.
            Type '{ duration: number; ease: string; }' is not assignable to type 'Transition<any> | undefined'.
              Type '{ duration: number; ease: string; }' is not assignable to type 'TransitionWithValueOverrides<any>'.
                Type '{ duration: number; ease: string; }' is not assignable to type 'ValueAnimationTransition<any>'.
                  Types of property 'ease' are incompatible.
                    Type 'string' is not assignable to type 'Easing | Easing[] | undefined'.
src/components/survey/sections/WelcomeScreen.tsx(142,19): error TS2367: This comparison appears to be unintentional because the types '0' and '1' have no overlap.
src/components/survey/sections/WelcomeScreen.tsx(267,67): error TS2367: This comparison appears to be unintentional because the types '1' and '0' have no overlap.
src/components/survey/UnifiedSurveyComponent.tsx(169,11): error TS2322: Type 'ValidationRule | null | undefined' is not assignable to type 'ValidationRule | undefined'.
  Type 'null' is not assignable to type 'ValidationRule | undefined'.
src/components/survey/UnifiedSurveyComponent.tsx(223,9): error TS2322: Type '{ companyName: string; campaignName: string; campaignTypeName: string; progress: { current: number; total: number; percentage: number; message: string; }; estimatedDuration: number; }' is not assignable to type 'IntrinsicAttributes & SurveyHeaderProps'.
  Property 'campaignTypeName' does not exist on type 'IntrinsicAttributes & SurveyHeaderProps'. Did you mean 'campaignName'?
src/components/survey/UnifiedSurveyComponent.tsx(236,17): error TS2353: Object literal may only specify known properties, and 'id' does not exist in type '{ name: string; displayName: string; description?: string | undefined; icon?: string | undefined; questionCount?: number | undefined; }'.
src/components/survey/UnifiedSurveyComponent.tsx(249,15): error TS2322: Type '{ initial: { opacity: number; y: number; }; animate: { opacity: number; y: number; transition: { duration: number; ease: string; }; }; exit: { opacity: number; y: number; }; }' is not assignable to type 'Variants'.
  Property 'animate' is incompatible with index signature.
    Type '{ opacity: number; y: number; transition: { duration: number; ease: string; }; }' is not assignable to type 'Variant'.
      Type '{ opacity: number; y: number; transition: { duration: number; ease: string; }; }' is not assignable to type 'TargetAndTransition'.
        Type '{ opacity: number; y: number; transition: { duration: number; ease: string; }; }' is not assignable to type '{ transition?: Transition<any> | undefined; transitionEnd?: ResolvedValues | undefined; }'.
          Types of property 'transition' are incompatible.
            Type '{ duration: number; ease: string; }' is not assignable to type 'Transition<any> | undefined'.
              Type '{ duration: number; ease: string; }' is not assignable to type 'TransitionWithValueOverrides<any>'.
                Type '{ duration: number; ease: string; }' is not assignable to type 'ValueAnimationTransition<any>'.
                  Types of property 'ease' are incompatible.
                    Type 'string' is not assignable to type 'Easing | Easing[] | undefined'.
src/hooks/useCampaignMonitor.ts(1199,7): error TS2322: Type '{ id: string; displayName: string; unitType: string; level: number; score: number; participants: number; employeeCount?: number | undefined; children: { id: string; displayName: string; unitType: string; ... 4 more ...; rate: number; }[]; }[] | null' is not assignable to type 'GerenciaData[] | null'.
  Type '{ id: string; displayName: string; unitType: string; level: number; score: number; participants: number; employeeCount?: number | undefined; children: { id: string; displayName: string; unitType: string; ... 4 more ...; rate: number; }[]; }[]' is not assignable to type 'GerenciaData[]'.
    Type '{ id: string; displayName: string; unitType: string; level: number; score: number; participants: number; employeeCount?: number | undefined; children: { id: string; displayName: string; unitType: string; ... 4 more ...; rate: number; }[]; }' is missing the following properties from type 'GerenciaData': responded, scoreNum, rateNum
src/hooks/useParticipantUpload/index.ts(263,7): error TS2322: Type 'number | null' is not assignable to type 'number | undefined'.
  Type 'null' is not assignable to type 'number | undefined'.
src/hooks/useRetentionAnalysis.ts(29,47): error TS2339: Property 'toLowerCase' does not exist on type 'never'.
src/hooks/useTemplateSelection.ts(43,49): error TS2551: Property 'totalResponses' does not exist on type 'Analytics'. Did you mean 'totalResponded'?
src/hooks/useTemplateSelection.ts(50,42): error TS2339: Property 'industry' does not exist on type 'Campaign'.
src/hooks/useTemplateSelection.ts(76,27): error TS2339: Property 'advancedVariables' does not exist on type '{ trendData: never[]; segmentationData: never[]; departmentMapping: {}; overall_score: number; participation_rate: number; category_scores: Record<string, number>; department_scores?: Record<...> | undefined; ... 8 more ...; industry_benchmark?: number | undefined; }'.
src/hooks/useTemplateSelection.ts(77,48): error TS2339: Property 'organizationalEnergy' does not exist on type 'never'.
src/hooks/useTemplateSelection.ts(78,52): error TS2339: Property 'momentumAnalysis' does not exist on type 'never'.
src/hooks/useTemplateSelection.ts(79,50): error TS2339: Property 'percentileAnalysis' does not exist on type 'never'.
src/hooks/useTemplateSelection.ts(80,48): error TS2339: Property 'championAnalysis' does not exist on type 'never'.
src/hooks/useTemplateSelection.ts(81,49): error TS2339: Property 'championAnalysis' does not exist on type 'never'.
src/hooks/useTemplateSelection.ts(82,51): error TS2339: Property 'confidenceAnalysis' does not exist on type 'never'.
src/hooks/useTemplateSelection.ts(98,54): error TS2339: Property 'advancedVariables' does not exist on type '{ trendData: never[]; segmentationData: never[]; departmentMapping: {}; overall_score: number; participation_rate: number; category_scores: Record<string, number>; department_scores?: Record<...> | undefined; ... 8 more ...; industry_benchmark?: number | undefined; }'.
src/hooks/useTemplateSelection.ts(121,41): error TS2304: Cannot find name 'campaignResults'.
src/hooks/useTemplateSelection.ts(190,7): error TS2571: Object is of type 'unknown'.
src/hooks/useTemplateSelection.ts(190,17): error TS2571: Object is of type 'unknown'.
src/hooks/useTemplateSelection.ts(193,7): error TS2571: Object is of type 'unknown'.
src/hooks/useTemplateSelection.ts(193,17): error TS2571: Object is of type 'unknown'.
src/hooks/useTemplateSelection.ts(196,9): error TS2571: Object is of type 'unknown'.
src/hooks/useTemplateSelection.ts(201,69): error TS2571: Object is of type 'unknown'.
src/hooks/useTemplateSelection.ts(206,9): error TS2571: Object is of type 'unknown'.
src/hooks/useTemplateSelection.ts(211,81): error TS2571: Object is of type 'unknown'.
